         w __deregister_frame_info
         w _ITM_deregisterTMCloneTable
         w _ITM_registerTMCloneTable
         w _Jv_RegisterClasses
         w __register_frame_info
00000000 b .LANCHOR1
00000000 a shift
00000000 a shift
00000000 b _TLS_MODULE_BASE_
00000000 00002000 b tmp_buffer.6684
00001ff8 b .LANCHOR2
00002000 00000401 b __fixedpath
00002404 00000802 b __utf16path
00002c08 00000802 b __utf16path_old.6755
00100000 T _start
00100000 T __start__
00100008 T __service_ptr
0010000c T __apt_appid
00100010 T __heap_size
00100014 T __linear_heap_size
00100018 T __system_arglist
0010001c T __system_runflags
00100020 t startup
00100058 t ClearMem
0010006c t ClrLoop
00100094 T _init
001000ac t deregister_tm_clones
001000dc t register_tm_clones
00100114 t __do_global_dtors_aux
00100158 t frame_dummy
001001b4 T initSystem
001001f8 T __ctru_exit
00100218 T __aeabi_uidiv
00100218 000001ec T __udivsi3
00100218 t .udivsi3_skip_div0_test
00100404 00000020 T __aeabi_uidivmod
00100424 T __aeabi_idiv
00100424 00000220 T __divsi3
0010042c t .divsi3_skip_div0_test
00100644 00000020 T __aeabi_idivmod
00100664 00000004 W __aeabi_idiv0
00100664 00000004 W __aeabi_ldiv0
00100668 T __aeabi_uldivmod
001006a4 00000128 T __udivmoddi4
001007e8 00000390 T strcmp
00100b80 00000008 t null_write
00100b88 00000018 T setDefaultDevice
00100ba0 000000bc T FindDevice
00100c5c 0000002c T RemoveDevice
00100c88 00000098 T AddDevice
00100d20 00000024 T GetDeviceOpTab
00100d44 0000007c T _close_r
00100dc0 0000006c T _fstat_r
00100e2c 0000002c T _gettimeofday_r
00100e58 00000008 T _isatty_r
00100e60 00000078 T _lseek_r
00100ed8 000000c8 T _open_r
00100fa0 00000078 T _read_r
00101018 00000070 T _sbrk_r
00101088 0000005c T _unlink_r
001010e4 00000078 T _write_r
0010115c 00000020 T _exit
0010117c 000001bc T _concatenate_path
00101338 00000154 T chdir
0010148c 000000a0 T getcwd
0010152c 00000058 T mkdir
00101584 00000008 T __flockfile
0010158c 00000008 T __funlockfile
00101594 00000018 T __libc_lock_init
001015ac 00000018 T __libc_lock_acquire
001015c4 00000024 T __libc_lock_try_acquire
001015e8 00000018 T __libc_lock_release
00101600 00000018 T __libc_lock_close
00101618 00000018 T __libc_lock_init_recursive
00101630 00000018 T __libc_lock_acquire_recursive
00101648 00000024 T __libc_lock_try_acquire_recursive
0010166c 00000018 T __libc_lock_release_recursive
00101684 00000018 T __libc_lock_close_recursive
0010169c 00000044 T __free_handle
001016e0 0000003c T __release_handle
0010171c 00000078 T __alloc_handle
00101794 0000001c T __get_handle
001017b0 000000a4 T dup
00101854 0000010c T dup2
00101960 00000028 T __getreent
00101988 00000194 T createPlatform
00101b20 00000514 T platformStep
00102038 00000080 T platformDraw
001020b8 0000002c T platformDestroy
001020e4 00000048 T PHL_Init
0010212c 00000018 T PHL_Deinit
00102144 00000058 T PHL_LoadQDA
0010219c 000000b4 T PHL_DrawTextBold
00102250 00000048 T PHL_DrawTextBoldCentered
00102298 00000040 t setHeroState.part.1
001022d8 000000c4 T heroChangeScreen
001023a0 00000178 T updateMask
00102518 00000818 T heroDraw
00102d30 00000200 T heroSetup
00102f30 00000170 T heroHit
001030a0 000020dc T heroStep
00105180 00000030 T heroPoison
001051b0 0000009c T heroStone
0010524c 00000030 T getHeroMask
0010527c 00000010 T getHeroState
0010528c 00000050 T setHeroState
001052dc 00000010 T getHeroInvincible
001052ec 00000010 T getHeroDirection
001052fc 00000010 T setHeroDirection
0010530c 00000010 T getHeroImageIndex
0010531c 00000010 T setHeroImageIndex
0010532c 00000010 T getHeroVsp
0010533c 00000010 T getHeroHsp
0010534c 00000010 T setHeroHsp
0010535c 00000010 T setHeroVsp
0010536c 00000010 T getHeroOnground
0010537c 00000010 T setHeroOnground
0010538c 00000010 T getHeroPoisoned
0010539c 00000038 T heroStun
001053d4 00000010 T setHeroCanjump
001053e8 00000244 T weaponHit
00105630 000003d0 T weaponDraw
00105a00 00000318 T updateWeaponMask
00105d18 00000520 T addWeapon
00106238 00000a60 T weaponStep
00106c98 0000002c T weaponDestroy
00106cc4 000001b4 T saveSettings
00106e78 00000078 T trimString
00106ef0 00000060 T screenLoad
00106f50 00000060 T languageLoad
00106fb0 00000060 T autosaveLoad
00107010 0000012c T loadSettings
0010713c 00000098 T iniInit
001071d4 000000c0 T textInit
00107294 0000009c T textFree
00107330 00000098 T drawText
001073c8 0000005c T drawCharacter
00107424 000000a4 T drawTextCentered
001074c8 00000010 T getLanguage
001074d8 00000098 T loadMessage
00107570 00000138 T loadText
001076a8 00000010 T setLanguage
001076b8 0000089c T loadResources
00107f54 000000d8 T freeResources
00108030 00000288 T drawHud
001082b8 000004c4 T gameDraw
00108780 0000086c T gameEnding
00108ff0 00000080 T freeArrays
00109070 0000013c T gameSetup
001091ac 000000e0 T getTileType
0010928c 00000234 T writeSave
001094c0 000000a8 T screenTransition
00109568 00000eec T loadScreen
0010a454 00000054 T changeScreen
0010a4a8 00000374 T loadSave
0010a81c 00000064 T fileExists
0010a880 000001bc T saveScreen
0010aa40 0000001c T playSecret
0010aa5c 000000a4 T secretCountdown
0010ab00 00000220 T gameStep
0010ad20 000003e0 T getItem
0010b100 00000010 T getDrawHP
0010b110 00000010 T setDrawHP
0010b120 00000010 T getLevel
0010b130 000000a0 T setBossRoom
0010b1d0 00000010 T setAutoSave
0010b1e0 00000010 T getAutoSave
0010b1f0 000000b4 T loadUncommonImages
0010b2a4 000001f4 T game
0010b498 00000248 T enterDoor
0010b6e0 00000320 T optionsStep
0010ba00 00000294 T optionsDraw
0010bc94 0000008c T options
0010bd20 00000134 T inventoryStep
0010be54 000005f4 T inventoryDraw
0010c448 00000084 T inventory
0010c4cc 00000060 T createSaveLocations
0010c52c 00000030 T main
0010c560 00000678 T createEffectExtra
0010cbd8 00000018 T createEffect
0010cbf0 00000264 T effectStep
0010ce58 00000130 T effectDraw
0010cf88 0000002c T effectDestroy
0010cfb8 00000158 T createRockSmash
0010d110 00000220 T createSplash
0010d330 00000220 T createLavaSplash
0010d550 00000004 T nullFunction
0010d554 00000060 T savePointDraw
0010d5b4 0000004c T lockBlockDraw
0010d600 00000064 T switchDraw
0010d664 0000006c T gateDraw
0010d6d0 00000058 T statueDraw
0010d728 00000098 T buttonDraw
0010d7c0 00000080 T shockgateDraw
0010d840 000000a4 T ammoDraw
0010d8e8 00000068 T chestDraw
0010d950 0000006c T doorDraw
0010d9bc 00000070 T generatorDraw
0010da2c 00000074 T crownDraw
0010daa0 000000bc T savePointStep
0010db60 000001b4 T doorStep
0010dd18 0000027c T gateStep
0010df98 0000013c T buttonStep
0010e0d4 0000004c T objectDestroy
0010e120 00000388 T ammoStep
0010e4a8 000000ac T secretTriggerStep
0010e558 000002b8 T chestStep
0010e810 00000178 T lockBlockStep
0010e988 00000224 T statueStep
0010ebb0 000001c0 T generatorStep
0010ed70 00000114 T shockgateStep
0010ee88 00000248 T crownStep
0010f0d0 000000d8 T createAmmo
0010f1a8 00000084 T spawnCollectable
0010f22c 000001f0 T destroyableStep
0010f41c 000000ac T createDestroyable
0010f4c8 000000b8 T createSecretTrigger
0010f580 00000180 T createChest
0010f700 000000d4 T createSavePoint
0010f7d4 00000134 T createDoor
0010f908 000000e4 T createLockBlock
0010f9ec 0000006c T switchResult
0010fa58 000000c4 T createSwitch
0010fb1c 0000014c T switchActivate
0010fc68 00000128 T switchStep
0010fd90 000000a0 T createGate
0010fe30 00000098 T createStatue
0010fec8 000000fc T createFloorPad
0010ffc4 000000b0 T ladderActivate
00110074 000000f8 T createLadder
0011016c 00000044 T ladderStep
001101b0 000000b8 T createGenerator
00110268 000000a8 T createShockgate
00110310 000000a8 T createCrown
001103b8 00000100 T checkCollisionXY
001104b8 0000013c T checkTileCollision
001105f4 000001d0 T getTileCollision
001107c4 00000060 T checkTileCollisionXY
00110824 00000080 T getTileCollisionXY
001108a4 00000228 T checkMix
00110acc 00000098 T checkCircle
00110b64 00000178 T checkCollision
00110cdc 00000228 T getTileCollisionWeapon
00110f04 00000114 T initQDA
00111018 0000004c T enemyDestroy
00111064 00000058 T titleScreenSetup
001110bc 0000012c T titleScreenStep
001111e8 00000188 T titleScreenDraw
00111370 000000ac T titleScreen
0011141c 00000028 T PHL_MainLoop
00111444 00000014 T PHL_GameQuit
00111458 00000078 T PHL_ErrorScreen
001114d0 00000034 T PHL_AudioInit
00111504 00000024 T PHL_AudioClose
00111528 00000140 T loadRaw
00111668 00000034 T PHL_LoadMusic
0011169c 00000284 T loadWav
00111920 00000014 T PHL_LoadSound
00111934 00000124 T PHL_PlayMusic
00111a58 00000128 T PHL_PlaySound
00111b80 00000030 T PHL_StopMusic
00111bb0 00000034 T PHL_FreeMusic
00111be4 00000034 T PHL_FreeSound
00111c18 00000004 T PHL_GraphicsExit
00111c1c 00000018 T PHL_EndDrawing
00111c34 00000004 T PHL_ForceScreenUpdate
00111c38 00000080 T PHL_ResetDrawbuffer
00111cb8 00000010 T PHL_StartDrawing
00111cc8 0000005c T PHL_GraphicsInit
00111d24 00000014 T PHL_NewRGB
00111d38 00000028 T PHL_FreeSurface
00111d60 00000268 T PHL_LoadBMP
00111fc8 0000016c T PHL_DrawRect
00112138 00000380 T PHL_DrawSurfacePart
001124b8 00000080 T PHL_DrawBackground
00112538 00000198 T PHL_UpdateBackground
001126d0 000000cc T swapScreen
0011279c 00000024 t updateKey.part.0
001127c0 0000031c T PHL_ScanInput
00112ae0 00000588 T sealStep
00113068 00000134 T sealDraw
001131a0 000000f8 T createSeal
00113298 000002dc T fishStep
00113578 000000d4 T fishDraw
0011364c 00000108 T createFish
00113758 00000538 T slimeStep
00113c90 00000130 T slimeDraw
00113dc0 000000e4 T createSlime
00113ea4 0000007c T boomDraw
00113f20 00000168 T boomStep
00114088 0000008c T boomknightDraw
00114118 000000f4 T createBoomknight
00114210 000000cc T createBoom
001142e0 0000051c T boomknightStep
00114800 0000037c T wizardStep
00114b80 00000080 T wizardDraw
00114c00 00000108 T createWizard
00114d08 0000008c T bulletDraw
00114d98 0000008c T fireballDraw
00114e28 00000080 T laserDraw
00114ea8 0000009c T flameDraw
00114f44 00000074 T rockDraw
00114fb8 00000070 T airDraw
00115028 00000268 T bulletStep
00115290 00000210 T fireballStep
001154a0 000001c8 T laserStep
00115668 00000170 T flameStep
001157d8 00000304 T rockStep
00115ae0 0000017c T airStep
00115c60 00000148 T headDraw
00115da8 00000180 T createHead
00115f28 000000b8 T createBullet
00115fe0 000000dc T createFireball
001160c0 000000d0 T createLaser
00116190 000000a0 T createFlame
00116230 000000c8 T createRock
001162f8 000000ac T createAir
001163a8 00000590 T headStep
00116938 00000460 T firewheelStep
00116d98 0000008c T firewheelDraw
00116e28 000001b4 T createFirewheel
00116fe0 00000138 T pendulumStep
00117118 00000138 T pendulumDraw
00117250 000000e8 T createPendulum
00117338 0000008c T dogDraw
001173c4 000000f4 T createDog
001174b8 00000100 T hitWall
001175b8 000005fc T dogStep
00117bb8 00000080 T goopDraw
00117c38 00000238 T goopStep
00117e70 00000088 T poisonknightDraw
00117ef8 000000e8 T createPoisonknight
00117fe0 000000b4 T createGoop
00118098 000005b0 T poisonknightStep
00118648 0000008c T electricityDraw
001186d8 00000228 T electricityStep
00118900 0000008c T crabDraw
00118990 00000158 T createCrab
00118ae8 00000048 T crabDestroy
00118b30 000000fc T createElectricity
00118c30 00000be0 T crabStep
00119810 000001e4 T gyraDraw
001199f8 000001b4 T createGyra
00119bb0 00000048 T gyraDestroy
00119bf8 00000840 T gyraStep
0011a438 0000021c T dodoDraw
0011a658 00000194 T createDodo
0011a7f0 00000168 T dodoWallCollision
0011a958 00000bc8 T dodoStep
0011b520 000006cc T thwompStep
0011bbf0 00000080 T thwompDraw
0011bc70 00000110 T createThwomp
0011bd80 0000038c T podobooStep
0011c110 0000008c T podobooDraw
0011c1a0 00000118 T createPodoboo
0011c2b8 00000420 T golemStep
0011c6d8 000000e4 T golemDraw
0011c7bc 000000d8 T createGolem
0011c898 000003ec T pumpkinheadStep
0011cc88 00000088 T pumpkinenemyDraw
0011cd10 0000013c T pumpkinheadDraw
0011ce50 000000f4 T createPumpkinenemy
0011cf48 000000c4 T createPumpkinhead
0011d010 00000568 T pumpkinenemyStep
0011d578 00000084 T minionDraw
0011d600 0000039c T minionStep
0011d9a0 000000a4 T lolidraDraw
0011da48 0000013c T createLolidra
0011db84 00000048 T lolidraDestroy
0011dbd0 0000011c T createMinion
0011dcf0 00000530 T lolidraStep
0011e220 00000684 T boarStep
0011e8a8 000000d4 T boarDraw
0011e97c 000000cc T createBoar
0011ea48 0000072c T beeStep
0011f178 00000080 T beeDraw
0011f1f8 000000e0 T createBee
0011f2d8 0000014c T knightDraw
0011f428 00000170 T createKnight
0011f598 00000080 T knightDestroy
0011f618 00000538 T knightStep
0011fb50 0000027c T gasStep
0011fdd0 0000006c T gasDraw
0011fe3c 000000b8 T createGas
0011fef8 0000041c T batStep
00120318 00000094 T batDraw
001203b0 000000c8 T createBat
00120478 00000864 T waterJumperStep
00120ce0 000000c0 T waterJumperDraw
00120da0 00000110 T createWaterJumper
00120eb0 00000348 T garmrockStep
001211f8 000000ec T garmDraw
001212e8 000000c8 T garmrockDraw
001213b0 00000134 T createGarm
001214e4 000000d4 T createGarmrock
001215b8 00000b40 T garmStep
001220f8 000006b0 T ghoulStep
001227a8 000000b0 T ghoulDraw
00122858 00000128 T createGhoul
00122980 000005fc T jellyfishStep
00122f80 00000100 T jellyfishDraw
00123080 000000c0 T createJellyfish
00123140 000003dc T slugStep
00123520 000000b0 T slugDraw
001235d0 000000bc T createSlug
00123690 000000a8 T orbDraw
00123738 00000244 T orbStep
00123980 00000230 T devilDraw
00123bb0 00000168 T createDevil
00123d18 000000b4 T createOrb
00123dd0 00000a30 T devilStep
00124800 000004a0 T skullStep
00124ca0 00000094 T skullDraw
00124d38 000000c0 T createSkull
00124df8 0000008c T hydragoopDraw
00124e88 00000084 T hydrarockDraw
00124f10 00000308 T hydraheadDraw
00125218 000002b8 T hydragoopStep
001254d0 00000208 T hydrashockStep
001256d8 0000009c T hydraDraw
00125778 0000008c T hydrashockDraw
00125808 000000f4 T createHydrahead
001258fc 00000154 T createHydra
00125a50 00000098 T checkWeaponCollision
00125ae8 000001f0 T hydrarockStep
00125cd8 00000104 T createHydragoop
00125ddc 000000e0 T createHydrarock
00125ec0 00000cec T hydraStep
00126bb0 000000e0 T createHydrashock
00126c90 00000448 T hydraheadStep
001270d8 00000a4c T batbossStep
00127b28 00000084 T batbossDraw
00127bb0 00000160 T createBatboss
00127d10 00000084 T boneDraw
00127d98 000001e0 T boneStep
00127f78 0000008c T skeletonDraw
00128008 00000138 T createSkeleton
00128140 00000130 T createBone
00128270 000005e8 T skeletonStep
00128858 00000024 t addrMapNodeComparator(rbtree_node const*, rbtree_node const*)
0012887c 00000004 t addrMapNodeDestructor(rbtree_node*)
00128880 00000140 T linearMemAlign
001289c0 00000008 T linearAlloc
001289c8 00000050 T linearFree
00128a18 0000009c T MemPool::CoalesceRight(MemBlock*)
00128ab4 00000178 T MemPool::Allocate(MemChunk&, unsigned long, int)
00128c2c 00000100 T MemPool::Deallocate(MemChunk const&)
00128d2c 00000008 t romfs_close
00128d34 0000007c t romfs_seek
00128db0 00000028 t romfs_dirreset
00128dd8 00000008 t romfs_dirclose
00128de0 00000078 t romfs_fstat
00128e58 0000005c t _romfs_read_chk
00128eb4 000000d0 t romfs_read
00128f84 00000084 t romfs_free
00129008 0000016c t romfsMountCommon
00129174 0000024c t romfs_dirnext
001293c0 000000c0 t romfsInitMtime.isra.4
00129480 000000b8 t searchForFile.constprop.7
00129538 000000b4 t searchForDir.constprop.8
001295ec 000001c8 t navigateToDir.constprop.6
001297b4 00000128 t romfs_open
001298dc 000001f4 t romfs_stat
00129ad0 00000054 t romfs_chdir
00129b24 00000078 t romfs_diropen
00129b9c 00000328 T romfsMount
00129ec4 00000078 T romfsUnmount
00129f3c 00000058 t getSysTime
00129f94 0000004c T osConvertVirtToPhys
00129fe0 00000024 T osGetMemRegionUsed
0012a008 000000f4 T __libctru_gtod
0012a100 00000034 T __ctru_speedup_config
0012a134 00000010 T osSetSpeedupEnable
0012a144 0000001c T debug_write
0012a160 000001ac T consoleDrawChar
0012a30c 00000128 T consolePrintChar
0012a434 00000184 t consoleCls
0012a5b8 000000f8 T consoleInit
0012a6b0 00000138 t consoleClearLine
0012a7e8 000000b8 t newRow
0012a8a0 00000870 T con_write
0012b110 00000010 t sdmc_link
0012b120 00000010 t sdmc_dirreset
0012b130 00000010 t sdmc_chmod
0012b140 00000010 t sdmc_fchmod
0012b150 00000024 t error_cmp
0012b174 00000050 t sdmc_translate_error
0012b1c4 00000034 t sdmc_fsync
0012b1f8 00000054 t sdmc_ftruncate
0012b24c 000000ac t sdmc_statvfs
0012b2f8 00000038 t sdmc_dirclose
0012b330 0000013c t sdmc_dirnext
0012b46c 00000034 t sdmc_close
0012b4a0 00000074 t sdmc_fstat
0012b514 000000c0 t sdmc_seek
0012b5d4 0000008c t sdmc_read
0012b660 00000110 t sdmc_write_safe
0012b770 000001b4 t sdmc_utf16path
0012b924 00000074 t sdmc_rmdir
0012b998 000000a4 t sdmc_diropen
0012ba3c 000000a0 t sdmc_chdir
0012badc 00000098 t sdmc_mkdir
0012bb74 00000108 t sdmc_rename
0012bc7c 00000074 t sdmc_unlink
0012bcf0 00000108 t sdmc_stat
0012bdf8 00000188 t sdmc_open
0012bf80 0000015c T sdmcInit
0012c0dc 00000054 T sdmcExit
0012c130 0000008c t gfxSetFramebufferInfo.part.0
0012c1bc 00000018 T __get_bytes_per_pixel
0012c1d4 00000174 T gfxSetScreenFormat
0012c348 00000014 T gfxSetDoubleBuffering
0012c35c 00000070 T gfxSetFramebufferInfo
0012c3cc 00000088 T gfxWriteFramebufferInfo
0012c454 000001fc T gfxInit
0012c650 00000010 T gfxInitDefault
0012c660 000000e0 T gfxExit
0012c740 000000b0 T gfxGetFramebuffer
0012c7f0 000000cc T gfxFlushBuffers
0012c8bc 00000070 T gfxConfigScreen
0012c92c 00000020 T gfxSwapBuffers
0012c94c 00000020 T gfxSwapBuffersGpu
0012c96c 00000150 t ndspUpdateMaster
0012cabc 000000d8 t ndspFinalize
0012cb94 00000250 t ndspInitialize
0012cde4 0000006c t ndspAptHook
0012ce50 0000013c t ndspSync
0012cf8c 000000e0 t ndspThreadMain
0012d06c 0000034c T ndspInit
0012d3b8 000000c4 T ndspExit
0012d47c 00000034 T ndspSetOutputMode
0012d4b0 00000034 T ndspSetOutputCount
0012d4e4 00000094 T ndspChnReset
0012d578 00000018 T ndspChnSetFormat
0012d590 00000044 T ndspChnSetInterp
0012d5d4 00000058 T ndspChnSetRate
0012d62c 00000064 T ndspChnWaveBufClear
0012d690 000000b0 T ndspChnWaveBufAdd
0012d740 00000034 T ndspiInitChn
0012d774 0000002c T ndspiDirtyChn
0012d7a0 0000047c T ndspiUpdateChn
0012dc1c 000001a8 T ndspiReadChnState
0012ddc4 000000a0 T cfguInit
0012de64 00000034 T cfguExit
0012de98 00000048 T CFGU_GetConfigInfoBlk2
0012dee0 00000154 t gspEventThreadMain
0012e034 00000074 T gspInit
0012e0a8 0000003c T gspExit
0012e0e4 00000084 T gspInitEventHandler
0012e168 00000030 T gspExitEventHandler
0012e198 00000044 T gspWaitForEvent
0012e1dc 0000006c T GSPGPU_SetBufferSwap
0012e248 0000004c T GSPGPU_FlushDataCache
0012e294 00000034 T GSPGPU_SetLcdForceBlack
0012e2c8 00000064 T GSPGPU_RegisterInterruptRelayQueue
0012e32c 0000002c T GSPGPU_UnregisterInterruptRelayQueue
0012e358 00000048 T GSPGPU_AcquireRight
0012e3a0 0000002c T GSPGPU_ReleaseRight
0012e3cc 00000080 T GSPGPU_ImportDisplayCaptureInfo
0012e44c 0000002c T GSPGPU_SaveVramSysArea
0012e478 0000002c T GSPGPU_RestoreVramSysArea
0012e4a4 00000094 T csndExit
0012e538 000000cc T csndAddCmd
0012e604 000000a8 T csndExecCmds
0012e6ac 00000020 T CSND_SetPlayState
0012e6cc 00000268 T csndPlaySound
0012e934 00000034 T dspExit
0012e968 0000004c T DSP_FlushDataCache
0012e9b4 00000034 T DSP_SetSemaphore
0012e9e8 00000034 T DSP_SetSemaphoreMask
0012ea1c 00000038 T DSP_GetSemaphoreHandle
0012ea54 00000064 T DSP_LoadComponent
0012eab8 0000002c T DSP_UnloadComponent
0012eae4 00000080 T dspInit
0012eb64 00000044 T DSP_RegisterInterruptEvents
0012eba8 00000070 T DSP_ReadPipeIfPossible
0012ec18 0000004c T DSP_WriteProcessPipe
0012ec64 00000040 T DSP_ConvertProcessAddressFromDspDram
0012eca4 00000040 T DSP_RecvData
0012ece4 0000004c T DSP_RecvDataIsReady
0012ed30 00000004 W _aptDebug
0012ed34 0000012c T aptSendCommand
0012ee60 0000003c t aptExitProcess
0012ee9c 00000038 T aptHook
0012eed4 0000002c T aptUnhook
0012ef00 0000004c T APT_InquireNotification
0012ef4c 00000198 t aptEventHandler
0012f0e4 00000074 T APT_AppletUtility
0012f158 000000b0 T aptSetSleepAllowed
0012f208 000000b4 T APT_GlanceParameter
0012f2bc 000000c0 T APT_ReceiveParameter
0012f37c 000000a8 t aptReceiveParameter.constprop.1
0012f428 000001d8 t aptScreenTransfer
0012f600 00000224 t aptWaitForWakeUp
0012f824 00000070 T APT_CancelParameter
0012f894 0000021c T aptInit
0012fab0 00000088 t aptClearParamQueue
0012fb38 00000208 T aptMainLoop
0012fd40 00000148 T aptExit
0012fe88 00000070 T APT_CheckNew3DS
0012fef8 000000d8 T hidExit
0012ffd0 00000238 T hidScanInput
00130208 00000010 T hidKeysHeld
00130218 00000090 T HIDUSER_GetHandles
001302a8 00000184 T hidInit
0013042c 00000028 t fsSessionForArchive.part.0
00130454 000000cc T fsInit
00130520 00000038 T fsExit
00130558 00000074 T fsExemptFromSession
001305cc 00000054 T fsUnexemptFromSession
00130620 000000bc T FSUSER_OpenFile
001306dc 000000d4 T FSUSER_OpenFileDirectly
001307b0 000000a4 T FSUSER_DeleteFile
00130854 000000e0 T FSUSER_RenameFile
00130934 000000a4 T FSUSER_DeleteDirectory
001309d8 000000bc T FSUSER_CreateFile
00130a94 000000ac T FSUSER_CreateDirectory
00130b40 000000e0 T FSUSER_RenameDirectory
00130c20 000000a4 T FSUSER_OpenDirectory
00130cc4 00000098 T FSUSER_OpenArchive
00130d5c 0000009c T FSUSER_ControlArchive
00130df8 00000074 T FSUSER_CloseArchive
00130e6c 00000078 T FSUSER_GetSdmcArchiveResource
00130ee4 00000064 T FSUSER_IsSdmcWritable
00130f48 0000005c T FSFILE_Read
00130fa4 00000064 T FSFILE_Write
00131008 0000003c T FSFILE_GetSize
00131044 0000002c T FSFILE_SetSize
00131070 0000003c T FSFILE_Close
001310ac 00000024 T FSFILE_Flush
001310d0 00000054 T FSDIR_Read
00131124 0000003c T FSDIR_Close
00131160 00000070 T ptmSysmInit
001311d0 00000034 T ptmSysmExit
00131204 00000034 T PTMSYSM_ConfigureNew3DSCPU
00131238 00000014 T rbtree_init
0013124c 000001d4 t do_insert
00131420 00000008 T rbtree_insert
00131428 000000ac T rbtree_rotate
001314d4 0000035c T rbtree_remove
00131830 00000070 T rbtree_find
001318a0 000000e4 T utf16_to_utf8
00131984 00000060 T decode_utf16
001319e4 00000138 T decode_utf8
00131b1c 000000bc T utf8_to_utf16
00131bd8 00000038 W __libctru_init
00131c10 00000030 t __ctru_get_reent
00131c40 000000e4 T __system_initSyscalls
00131d24 00000058 t osGetMemRegionSize
00131d7c 00000104 W __system_allocateHeaps
00131e80 000000f0 T __system_initArgv
00131f70 T svcControlMemory
00131f90 T svcExitProcess
00131f98 T svcCreateThread
00131fb8 T svcExitThread
00131fc0 T svcSleepThread
00131fc8 T svcReleaseMutex
00131fd0 T svcCreateEvent
00131fe4 T svcSignalEvent
00131fec T svcClearEvent
00131ff4 T svcMapMemoryBlock
00131ffc T svcUnmapMemoryBlock
00132004 T svcCreateAddressArbiter
00132018 T svcArbitrateAddress
00132030 T svcCloseHandle
00132038 T svcWaitSynchronization
00132040 T svcWaitSynchronizationN
00132068 T svcDuplicateHandle
0013207c T svcGetSystemTick
00132084 T svcGetSystemInfo
0013209c T svcConnectToPort
001320b0 T svcSendSyncRequest
001320b8 T svcBreak
001320c0 T svcOutputDebugString
001320c8 T __aeabi_read_tp
001320d4 00000024 t addrMapNodeComparator(rbtree_node const*, rbtree_node const*)
001320f8 00000004 t addrMapNodeDestructor(rbtree_node*)
001320fc 00000130 T vramMemAlign
0013222c 00000008 T vramAlloc
00132234 00000050 T vramFree
00132284 00000024 t addrMapNodeComparator(rbtree_node const*, rbtree_node const*)
001322a8 00000004 t addrMapNodeDestructor(rbtree_node*)
001322ac 000000f4 T mappableAlloc
001323a0 00000050 T mappableFree
001323f0 00000034 t LightLock_Unlock.part.1
00132424 0000000c T __sync_init
00132430 00000018 T __sync_fini
00132448 00000010 T __sync_get_arbiter
00132458 00000018 T LightLock_Init
00132470 00000094 T LightLock_Lock
00132504 00000034 T LightLock_TryLock
00132538 00000020 T LightLock_Unlock
00132558 00000024 T RecursiveLock_Init
0013257c 00000030 T RecursiveLock_Lock
001325ac 00000058 T RecursiveLock_TryLock
00132604 00000038 T RecursiveLock_Unlock
0013263c 00000038 T LightEvent_Init
00132674 0000007c T LightEvent_Clear
001326f0 000000dc T LightEvent_Signal
001327cc 000000c8 T LightEvent_Wait
00132894 00000094 T envGetHandle
00132928 0000004c T envDestroyHandles
00132974 00000050 T srvExit
001329c4 00000038 T srvRegisterClient
001329fc 00000070 T srvInit
00132a6c 00000068 T srvGetServiceHandleDirect
00132ad4 00000038 T srvGetServiceHandle
00132b0c 000001c8 T threadCreate
00132cd4 00000024 T threadJoin
00132cf8 0000006c T threadExit
00132d64 00000040 t _thread_begin
00132da4 000000b0 T irrstScanInput
00132e54 0000001c T irrstKeysHeld
00132e70 00000050 T IRRST_GetHandles
00132ec0 00000148 T irrstInit
00133008 0000002c T IRRST_Shutdown
00133034 000000b0 T irrstExit
001330e4 0000008c T rbtree_node_next
00133170 00000068 T encode_utf16
001331d8 00000104 T encode_utf8
001332dc 0000001c W __appInit
001332f8 0000001c W __appExit
00133314 000000a4 W __libctru_exit
001333b8 000000c8 T cos
00133480 00000180 T floor
00133600 000000d0 T sin
001336d0 00000004 T atan2
001336d8 00000110 T sqrt
001337e8 00000274 T __ieee754_atan2
00133a60 00000304 T __ieee754_rem_pio2
00133d68 00000214 T __ieee754_sqrt
00133f80 00000150 T __kernel_cos
001340d0 00000898 T __kernel_rem_pio2
00134968 000000c0 T __kernel_sin
00134a28 00000284 T atan
00134cb0 00000010 T fabs
00134cc0 00000074 T __fpclassifyd
00134d34 00000008 T matherr
00134d40 00000184 T scalbn
00134ec8 0000001c T copysign
00134ee4 00000078 T bsearch
00134f5c 00000020 T calloc
00134f7c 00000090 T _calloc_r
0013500c 0000000c T __errno
00135018 00000034 T exit
0013504c 00000120 T _fclose_r
0013516c 00000018 T fclose
00135184 00000230 T __sflush_r
001353b4 00000090 T _fflush_r
00135444 00000038 T fflush
0013547c 000001a0 T _fgets_r
0013561c 00000028 T fgets
00135644 0000000c T _cleanup_r
00135650 00000080 t std.isra.0
001356d0 00000048 T __sfmoreglue
00135718 0000008c T __sinit
001357a4 0000011c T __sfp
001358c0 0000000c T __sfp_lock_acquire
001358cc 0000000c T __sfp_lock_release
001358d8 0000003c T __libc_fini_array
00135914 0000013c T _fopen_r
00135a50 00000020 T fopen
00135a70 000002ec T _fread_r
00135d5c 00000038 T fread
00135d94 000000f8 T _malloc_trim_r
00135e8c 000002e4 T _free_r
00136170 00000004 T _fseek_r
00136174 00000028 T fseek
0013619c 000004f8 T _fseeko_r
00136694 00000018 T ftell
001366ac 00000164 T _ftello_r
00136810 00000078 T _fwalk
00136888 00000080 T _fwalk_reent
00136908 00000118 T _fwrite_r
00136a20 00000038 T fwrite
00136a58 00000078 T __libc_init_array
00136ad0 00000160 T __smakebuf_r
00136c30 00000020 T memalign
00136c50 0000015c T _memalign_r
00136dac 00000018 T malloc
00136dc4 00000018 T free
00136ddc 000007a8 T _malloc_r
00137584 00000100 T memchr
00137684 000000a8 T memcmp
0013772c 000000f0 T memcpy
0013781c 000000f4 T memset
00137910 0000000c T __malloc_lock
0013791c 0000000c T __malloc_unlock
00137928 00000038 T printf
00137960 0000001c T srand
0013797c 00000044 T rand
001379c0 0000001c t lflush
001379dc 000001d8 T __srefill_r
00137bb4 00000028 T remove
00137bdc 000001fc T setvbuf
00137dd8 00000068 T sprintf
00137e40 00000074 T sscanf
00137eb4 00000030 T __sread
00137ee4 00000008 T __seofread
00137eec 00000054 T __swrite
00137f40 0000002c T __sseek
00137f6c 00000008 T __sclose
00137f74 00000080 T stpcpy
00137ff4 0000015c T strchr
00138150 000000f0 T strcpy
00138240 0000005c T strlen
0013829c 000000a4 T strncat
00138340 0000011c T strncmp
0013845c 000000e0 T strncpy
0013853c 00000010 T strsep
0013854c 000000c0 T __strtok_r
0013860c 0000161c t get_arg
00139c28 000049fc T _svfprintf_r
0013e628 00002c20 T __ssvfscanf_r
00141248 00000040 T time
00141288 000000a4 t __sprint_r.part.0
0014132c 0000001c T __sprint_r
00141348 0000161c t get_arg
00142968 00004878 T _vfprintf_r
001471e0 000000cc t __sbprintf
001472ac 0000008c T _wcrtomb_r
00147338 00000020 T _wcsrtombs_r
00147358 00000114 T __utf8_wctomb
0014746c 00000148 T __swsetup_r
001475b4 00000174 T __call_exitprocs
00147728 000001bc t quorem
001478e8 000012c8 T _dtoa_r
00148bb0 000000b0 T __sflags
00148c60 00000124 T __fputwc
00148d84 000000a8 T _fputwc_r
00148e2c 000004a4 T __sfvwrite_r
001492d0 00000074 T iswspace
00149344 00000204 t __jp2uc
00149548 00000084 T _jp2uc
001495cc 0000000c T __locale_charset
001495d8 00000010 T __locale_mb_cur_max
001495e8 0000000c T _localeconv_r
001495f4 00000098 T _mbrtowc_r
0014968c 000002fc T __utf8_mbtowc
00149988 00000128 T memmove
00149ab0 0000008c T _Balloc
00149b3c 0000001c T _Bfree
00149b58 000000d0 T __multadd
00149c28 000000e4 T __s2b
00149d0c 0000005c T __hi0bits
00149d68 00000098 T __lo0bits
00149e00 00000020 T __i2b
00149e20 000001dc T __multiply
00149ffc 00000100 T __pow5mult
0014a0fc 000000f0 T __lshift
0014a1ec 00000064 T __mcmp
0014a250 00000198 T __mdiff
0014a3e8 00000078 T __ulp
0014a460 000000d4 T __b2d
0014a534 00000104 T __d2b
0014a638 00000078 T __ratio
0014a6b0 0000006c T __copybits
0014a71c 00000080 T __any_on
0014a79c 000004c0 T _realloc_r
0014ac5c 000000d0 T __sccl
0014ad2c 0000000c T nanf
0014ad38 00000094 T frexp
0014add0 00000108 T stpncpy
0014aed8 00000058 t sulp
0014af30 0000144c T _strtod_r
0014c380 0000025c T _strtoll_r
0014c5dc 000001d4 T _strtol_r
0014c7b0 00000264 T _strtoull_r
0014ca18 000001d4 T _strtoul_r
0014cbec 000001a8 T __ssprint_r
0014cd94 000000f8 T _sungetc_r
0014ce8c 0000006c T __ssrefill_r
0014cef8 000000c8 T _sfread_r
0014cfc0 000000a8 T __submore
0014d068 00000124 T __swbuf_r
0014d18c 00000190 T _wcsnrtombs_r
0014d31c 000000ec t rshift
0014d408 000007d0 T __gethex
0014dbd8 00000258 T __hexnan
0014de30 0000005c T strnlen
0014de8c 00000044 T strrchr
0014ded0 T _fini
0014e0d8 00000008 R CLIMBSPEED
0014e0e0 00000008 R GRAVITY
0014e0e8 00000001 R QUAKE
0014e0e9 00000001 R DEATH
0014e0ea 00000001 R DOOR
0014e0eb 00000001 R CHARGE
0014e0ec 00000001 R STONE
0014e0ed 00000001 R LADDER
0014e0ee 00000001 R HIT
0014e0ef 00000001 R SLASH
0014e0f0 00000001 R NORMAL
0014e5b0 00000008 R PI
0014e5c4 00000068 r dotab_3dmoo
0014e62c 00000068 r dotab_stdout
0014e694 00000068 r dotab_null
0014e6fc 00000030 r colorTable
0014e72c 00000030 r error_table
0014e768 00000014 r CSWTCH.28
0014e77c 00000008 r framebufferInfoSt
0014e79c 00000011 r dsp_filename.7178
0014e7b0 0000000c r serviceNameTable.6351
0014e7bc R default_font_bin
0014efbc R default_font_bin_end
0014efbc R default_font_bin_size
0014efc0 00000068 R dotab_stdnull
0014f028 00000003 R DIRECTORY_PARENT
0014f02c 00000002 R DIRECTORY_THIS
0014f030 00000002 R DIRECTORY_SEPARATOR
0014f96c 00000080 r npio2_hw
0014f9ec 00000108 r two_over_pi
0014faf4 00000010 r init_jk
0014fb08 00000040 r PIo2
0014fb48 00000020 r atanlo
0014fb68 00000020 r atanhi
0014fb88 00000004 R _global_impure_ptr
0014fb8c 00000010 r blanks.7122
0014fbdc r .LC2
0014fbe0 00000010 r zeroes.7123
0014fbf0 00000022 r basefix.7044
0014fc1c 00000010 r zeroes.7138
0014fc2c 00000010 r blanks.7137
0014fc3c 00000101 R _ctype_
0014fd50 000000bc r a1
0014fe0c 000000bc r a2
0014fec8 0000005b r a3
0014ff24 00000070 r a6
0014ff94 000000a2 r a7
00150038 00000040 r a8
0015008c 0000172a r b02cf
001517b8 00001a7c r d02f4
00153340 000000c8 R __mprec_tens
00153408 0000000c r p05.5412
00153418 00000028 R __mprec_bigtens
00153440 00000014 r fpinan.5417
00153464 00000014 r fpi.5381
00153478 00000028 r tinytens
001534a0 0000006c R __state_table
0015350c 00000100 R __chclass
0015360c 0000006c R __action_table
00153678 00000100 R __hexdig
00153780 r __EH_FRAME_BEGIN__
00153780 R __exidx_end
00153780 R __exidx_start
00154000 00000004 D stoneDir
00154004 00000004 D herodir
00154008 00000008 D jumpspd
00154010 00000d80 D stage
00154d90 0000006c D tilesetStrings
00154dfc 00000004 D NumOfSounds
00154e00 00000004 D NumOfImages
00154e08 00000008 D cutInTimer
00154e10 00000004 D screenX
00154e14 00000004 D screenY
00154e18 00000001 D autoSave
00154e1c 0000007e D musicStrings
00154ea0 00000004 D lastOption
00154ea4 00000008 D unlockedDoor
00154eac 00000006 D scrnTop
00154eb4 00000006 D scrnBottom
00154ebc 00000004 D boss3flag
00154ec0 00000004 D boss4flag
00154ec4 00000004 D boss1flag
00154ec8 00000004 D boss5flag
00154ecc 00000004 D boss7flag
00154ed0 00000004 D boss6flag
00154ed4 00000004 D boss2flag
00154ed8 00000068 d romFS_devoptab
00154f40 0000004c D defaultConsole
00154f8c 00000004 D currentConsole
00154f90 00000001 d firstConsoleInit.6662
00154f94 00000401 d __cwd
00155398 00000068 d sdmc_devoptab
00155400 00000001 d topFormat
00155401 00000001 d botFormat
00155404 00000008 d doubleBuf
0015540c 00000004 d gspLastEvent
00155410 00000004 d aptFlags
00155414 00000004 V __ctru_linear_heap_size
00155418 W __stacksize__
0015541c 00000004 d defaultDevice
00155420 00000040 D devoptab_list
00155460 00001000 d _current_working_directory
00156460 0000000c d __stdin_handle
0015646c 0000000c d __stdout_handle
00156478 0000000c d __stderr_handle
00156484 00000004 d __hndl_lock
00156488 00001000 d handles
00157488 00000001 D __fdlib_version
0015748c 0000000c d __sfp_lock
00157498 0000000c d __sinit_lock
001574a8 00000440 d impure_data
001578e8 00000004 D _impure_ptr
001578ec 00000408 D __malloc_av_
00157cf4 00000004 D __malloc_trim_threshold
00157cf8 00000004 D __malloc_sbrk_base
00157cfc 0000000c d __malloc_lock_object
00157d08 00000004 D __wctomb
00157d0c 0000000c D __atexit_lock
00157d18 00000004 D __ctype_ptr__
00157d1c 00000038 d lconv
00157d54 00000020 d lc_ctype_charset
00157d74 00000004 D __mb_cur_max
00157d78 00000004 D __mbtowc
00157d7c t __frame_dummy_init_array_entry
00157d7c T __init_array_start
00157d7c d __JCR_LIST__
00157d7c B __preinit_array_end
00157d7c B __preinit_array_start
00157d7c D __tdata_lma
00157d7c D __tdata_lma_end
00157d7c D __TMC_END__
00157d7c d __TMC_LIST__
00157d80 t __do_global_dtors_aux_fini_array_entry
00157d80 T __fini_array_start
00157d80 T __init_array_end
00157d84 T __bss_start__
00157d84 b completed.6505
00157d84 T __fini_array_end
00157d88 b object.6510
00157da0 00000004 B stoneTimer
00157da4 00000004 B stoneState
00157da8 00000004 B invincible
00157db0 00000008 B vsp
00157db8 00000004 B chargeTimer
00157dbc 00000004 B canCharge
00157dc0 00000004 B canJump
00157dc4 00000004 B onground
00157dc8 00000008 B hsp
00157dd0 00000004 B shieldTimer
00157dd4 00000004 B heldUp
00157dd8 00000008 B imageIndex
00157de0 00000004 B timer
00157de4 00000004 B stun
00157de8 00000004 B stunTimer
00157dec 00000004 B poisoned
00157df0 00000004 B inWater
00157df4 00000004 B drownTimer
00157df8 00000004 B level
00157dfc 00000001 B forceGameExit
00157e00 00000004 B transitionTimer
00157e04 00000004 B levelStartFlag
00157e08 00000004 B optCursor
00157e0c 00000001 B page
00157e10 00000004 B cursorX
00157e14 00000004 B cursorY
00157e18 00000004 B cursor
00157e1c 00000004 B tempsave
00157e20 00000004 B quitGame
00157e24 00000004 B audioMode
00157e28 00000008 b sLinearPool
00157e30 0000000c b sAddrMap
00157e3c 00000004 b romfs_mount_list
00157e40 00000802 b __utf16path
00158644 00000401 b __component
00158a48 00000004 V __romfs_path
00158a4c 00000001 V __ctru_speedup
00158a50 00000008 b sdmcArchive
00158a58 00000001 b sdmcInitialised
00158a60 00000001 b enable3d
00158a64 00000004 b screenAlloc
00158a68 00000004 b screenFree
00158a6c 00000002 b currentBuffer
00158a70 00000048 b ndspMaster
00158ab8 00000004 b ndspMutex
00158abc 00001080 b dspVar5Backup
00159b3c 00000004 b irqEvent
00159b40 00000004 b dspSem
00159b44 00000001 b bComponentLoaded
00159b45 00000001 b bDspReady
00159b48 00000004 b componentBin
00159b4c 00000002 b componentDataMask
00159b4e 00000002 b componentProgMask
00159b50 00000004 b componentSize
00159b54 00000001 b bSleeping
00159b55 00000001 b bActuallySleeping
00159b58 00000008 b sleepEvent
00159b60 00000004 b droppedFrames
00159b64 00000001 b bNeedsSync
00159b65 00000001 b ndspThreadRun
00159b68 00000004 b frameCount
00159b6c 00000001 b componentFree
00159b70 00000004 b ndspRefCount
00159b74 00000004 b ndspThread
00159b78 0000000c b aptCookie
00159b84 00000c60 b ndspChn
0015a7e4 00000004 b cfguRefCount
0015a7e8 00000004 b cfguHandle
0015a7ec 00000001 b gspRunEvents
0015a7f0 00000004 b gspEvent
0015a7f4 00000004 b gspEventData
0015a7f8 0000001c b gspEventCb
0015a814 00000007 b gspEventCbOneShot
0015a81c 0000001c b gspEventCbData
0015a838 00000038 b gspEvents
0015a870 0000001c b gspEventCounts
0015a88c 00000004 b gspRefCount
0015a890 00000004 b gspEventThread
0015a894 00000004 b csndHandle
0015a898 00000004 b csndRefCount
0015a89c 00000004 b csndMutex
0015a8a0 00000004 b csndSharedMemBlock
0015a8a4 00000004 b csndCmdCurOff
0015a8a8 00000004 b csndCmdStartOff
0015a8ac 00000004 b dspRefCount
0015a8b0 00000004 b dspHandle
0015a8b4 00000004 b aptLockHandle
0015a8b8 00000004 b serviceName.6350
0015a8bc 0000000c b aptFirstHook
0015a8c8 00000004 b aptMessageFunc
0015a8cc 00000004 b aptMessageFuncData
0015a8d0 0000000c b aptEvents
0015a8dc 00000001 b aptHomeButtonState
0015a8e0 00000008 b aptSleepEvent
0015a8e8 00001000 b aptParameters
0015b8e8 00000004 b aptRefCount
0015b8ec 00000004 b aptEventHandlerThread
0015b8f0 00000001 b flagInit.6701
0015b8f1 00000001 b flagValue.6702
0015b8f4 00000004 b hidRefCount
0015b8f8 00000004 b kOld
0015b8fc 00000004 b kHeld
0015b900 00000004 b cPos
0015b904 00000004 b tPos
0015b908 00000006 b aVec
0015b910 00000006 b gRate
0015b918 00000004 b kDown
0015b91c 00000004 b kUp
0015b920 00000004 b fsuHandle
0015b924 00000004 b fsuRefCount
0015b928 00000080 b fsExemptArchives
0015b9a8 00000004 b ptmSysmRefCount
0015b9ac 00000004 b ptmSysmHandle
0015b9b0 00000004 V __ctru_heap_size
0015b9b4 b saved_stack
0015b9bc 00000008 b sVramPool
0015b9c4 0000000c b sAddrMap
0015b9d0 00000008 b sMappablePool
0015b9d8 0000000c b sAddrMap
0015b9e4 00000004 b arbiter
0015b9e8 00000004 b srvRefCount
0015b9ec 00000004 b srvHandle
0015b9f0 00000004 b irrstRefCount
0015b9f4 00000004 b kHeld
0015b9f8 00000004 b csPos
0015b9fc 00000004 b heap_start.5704
0015ba00 00000004 B fake_heap_start
0015ba04 00000004 B fake_heap_end
0015ba08 00001000 b temp_cwd
0015ca08 00000038 B __syscalls
0015ca40 00000004 B __malloc_max_total_mem
0015ca44 00000004 B __malloc_max_sbrked_mem
0015ca48 00000004 B __malloc_top_pad
0015ca4c 00000028 B __malloc_current_mallinfo
0015ca78 0000000c B btnFaceDown
0015ca84 0000000c B btnDecline
0015ca90 00000300 B collisionTiles
0015cd90 0000000c B btnFaceLeft
0015cd9c 0000000c B btnUp
0015cda8 00000004 B playTime
0015cdac 00000050 B enemies
0015ce00 00000008 B herox
0015ce08 00000004 B secretTimer
0015ce0c 00000600 B foreground
0015d40c 00000004 B bossFlag
0015d410 0000000c B db
0015d41c 00000018 B shieldMask
0015d434 00000001 B roomDarkness
0015d438 00000600 B background
0015da38 00000004 B heroWeapon
0015da3c 0000000c B btnAccept
0015da48 00000014 B bgmSecret
0015da5c 0000000c B btnFaceUp
0015da68 00000004 B heroAmmo
0015da6c 0000000c B btnRight
0015da78 00000014 B weapons
0015da8c 00000004 B itemGotY
0015da90 00000004 B itemGotX
0015da94 0000000c B btnFaceRight
0015daa0 00000078 B effects
0015db18 0000000c B backBuffer
0015db24 000000a0 B objects
0015dbc4 00000004 B bossDefeatedFlag
0015dbc8 00000014 B bgmGameover
0015dbdc 0000001c B hasItem
0015dbf8 00000004 B quakeTimer
0015dbfc 00000090 B waveBuf
0015dc90 00000008 B herohp
0015dc98 000000b4 B images
0015dd4c 00000004 B axisX
0015dd50 00000004 B levelStartTimer
0015dd54 0000035c B sounds
0015e0b0 00000004 B maxAmmo
0015e0b4 00000004 B roomSecret
0015e0b8 00000004 B activeScreen
0015e0bc 00000005 B hasWeapon
0015e0c4 0000000c B btnR
0015e0d0 00000008 B maxhp
0015e0d8 00000004 B WHITE
0015e0dc 0000000c B btnLeft
0015e0e8 00000018 B heroMask
0015e100 00000008 B hasKey
0015e108 0000000c B btnSelect
0015e114 00000004 B saveTimer
0015e118 00000014 B bgmMusic
0015e12c 0000003c B flags
0015e168 00000028 B platforms
0015e190 0000000c B btnL
0015e19c 00000004 B RED
0015e1a0 0000000c B btnStart
0015e1ac 00000004 B lastDoor
0015e1b0 00000008 B heroy
0015e1b8 00000004 B axisY
0015e1bc 00000004 B bellFlag
0015e1c0 0000000c B btnDown
0015e1cc 00000004 B YELLOW
0015e1d0 0000755c B headers
0016572c 00000004 B state
00165730 0000000c B saveError
0016573c 00000004 B saving
00165740 00000020 B dungeon
00165760 000000a4 B itemName
00165804 00000004 B found
00165808 00000001 B gameLanguage
0016580c 00000070 B itemDescription
0016587c 00000004 B drawhp
00165880 00000010 B offset
00165890 0000004c B currentCopy
001658dc 00000008 B gfxBottomFramebuffers
001658e4 00000004 B gspSharedMemHandle
001658e8 0000001c B bottomFramebufferInfo
00165904 00000004 B gspEvent
00165908 00000008 B gfxTopLeftFramebuffers
00165910 00000008 B gfxTopRightFramebuffers
00165918 0000001c B topFramebufferInfo
00165934 00000001 B gfxThreadID
00165938 00000004 B gfxSharedMemory
0016593c 00000004 B gfxTopFramebufferMaxSize
00165940 00000004 B gfxBottomFramebufferMaxSize
00165944 00000004 B gxCmdBuf
00165948 00000002 B ndspFrameId
0016594a 00000002 B ndspBufferId
0016594c 00000080 B ndspVars
001659cc 00000002 B ndspBufferCurId
001659d0 00000004 B gspGpuHandle
001659d4 00000004 B csndSharedMemSize
001659d8 00000010 B csndOffsets
001659e8 00000004 B csndChannels
001659ec 00000004 B csndSharedMem
001659f0 00000004 B hidMemHandle
001659f4 00000004 B hidHandle
001659f8 00000004 B hidSharedMem
001659fc 00000014 B hidEvents
00165a10 00000004 B __system_retAddr
00165a14 00000004 B __ctru_linear_heap
00165a18 00000004 B __ctru_heap
00165a1c 00000004 B __system_argv
00165a20 00000004 B __system_argc
00165a24 00000004 B irrstHandle
00165a28 00000004 B irrstEvent
00165a2c 00000004 B irrstMemHandle
00165a30 00000004 B irrstSharedMem
00165a34 B __tls_start
00168e40 B __bss_end__
00168e40 A __end__
00168e40 B __tls_end
